2019-04-13 15:32:41 [scrapy.utils.log] INFO: Scrapy 1.6.0 started (bot: mybt)
2019-04-13 15:32:41 [scrapy.utils.log] INFO: Versions: lxml 4.3.3.0, libxml2 2.9.5, cssselect 1.0.3, parsel 1.5.1, w3lib 1.20.0, Twisted 18.9.0, Python 3.7.3 (default, Mar 27 2019, 17:13:21) [MSC v.1915 64 bit (AMD64)], pyOpenSSL 19.0.0 (OpenSSL 1.1.1b  26 Feb 2019), cryptography 2.6.1, Platform Windows-10-10.0.17134-SP0
2019-04-13 15:32:41 [scrapy.crawler] INFO: Overridden settings: {'BOT_NAME': 'mybt', 'LOG_FILE': 'logs\\default\\1337x\\4e3e6bbe5dbe11e989a4a0c58947fc06.log', 'NEWSPIDER_MODULE': 'mybt.spiders', 'SPIDER_MODULES': ['mybt.spiders']}
2019-04-13 15:32:41 [scrapy.extensions.telnet] INFO: Telnet Password: d430fc09c03d8446
2019-04-13 15:32:41 [scrapy.middleware] INFO: Enabled extensions:
['scrapy.extensions.corestats.CoreStats',
 'scrapy.extensions.telnet.TelnetConsole',
 'scrapy.extensions.logstats.LogStats']
2019-04-13 15:32:41 [scrapy.middleware] INFO: Enabled downloader middlewares:
['scrapy.downloadermiddlewares.httpauth.HttpAuthMiddleware',
 'scrapy.downloadermiddlewares.downloadtimeout.DownloadTimeoutMiddleware',
 'scrapy.downloadermiddlewares.defaultheaders.DefaultHeadersMiddleware',
 'scrapy.downloadermiddlewares.useragent.UserAgentMiddleware',
 'scrapy.downloadermiddlewares.retry.RetryMiddleware',
 'scrapy.downloadermiddlewares.redirect.MetaRefreshMiddleware',
 'scrapy.downloadermiddlewares.httpcompression.HttpCompressionMiddleware',
 'scrapy.downloadermiddlewares.redirect.RedirectMiddleware',
 'scrapy.downloadermiddlewares.cookies.CookiesMiddleware',
 'scrapy.downloadermiddlewares.httpproxy.HttpProxyMiddleware',
 'scrapy.downloadermiddlewares.stats.DownloaderStats']
2019-04-13 15:32:41 [scrapy.middleware] INFO: Enabled spider middlewares:
['scrapy.spidermiddlewares.httperror.HttpErrorMiddleware',
 'scrapy.spidermiddlewares.offsite.OffsiteMiddleware',
 'scrapy.spidermiddlewares.referer.RefererMiddleware',
 'scrapy.spidermiddlewares.urllength.UrlLengthMiddleware',
 'scrapy.spidermiddlewares.depth.DepthMiddleware']
2019-04-13 15:32:41 [scrapy.middleware] INFO: Enabled item pipelines:
['mybt.pipelines.MybtPipeline']
2019-04-13 15:32:41 [scrapy.core.engine] INFO: Spider opened
2019-04-13 15:32:41 [scrapy.extensions.logstats] INFO: Crawled 0 pages (at 0 pages/min), scraped 0 items (at 0 items/min)
2019-04-13 15:32:41 [scrapy.extensions.telnet] INFO: Telnet console listening on 127.0.0.1:6023
2019-04-13 15:32:42 [scrapy.core.engine] DEBUG: Crawled (200) <GET https://1337x.to/search/%E6%B3%BD%E6%B0%91/1/> (referer: None)
2019-04-13 15:32:43 [scrapy.core.engine] DEBUG: Crawled (200) <GET https://1337x.to/search/%E6%B3%BD%E6%B0%91/3/> (referer: None)
2019-04-13 15:32:47 [scrapy.core.engine] DEBUG: Crawled (200) <GET https://1337x.to/search/%E6%B3%BD%E6%B0%91/2/> (referer: None)
2019-04-13 15:32:47 [scrapy.core.engine] INFO: Closing spider (finished)
2019-04-13 15:32:47 [scrapy.statscollectors] INFO: Dumping Scrapy stats:
{'downloader/request_bytes': 705,
 'downloader/request_count': 3,
 'downloader/request_method_count/GET': 3,
 'downloader/response_bytes': 6816,
 'downloader/response_count': 3,
 'downloader/response_status_count/200': 3,
 'finish_reason': 'finished',
 'finish_time': datetime.datetime(2019, 4, 13, 7, 32, 47, 528437),
 'log_count/DEBUG': 3,
 'log_count/INFO': 9,
 'response_received_count': 3,
 'scheduler/dequeued': 3,
 'scheduler/dequeued/memory': 3,
 'scheduler/enqueued': 3,
 'scheduler/enqueued/memory': 3,
 'start_time': datetime.datetime(2019, 4, 13, 7, 32, 41, 724409)}
2019-04-13 15:32:47 [scrapy.core.engine] INFO: Spider closed (finished)
