2019-04-15 12:03:54 [scrapy.utils.log] INFO: Scrapy 1.6.0 started (bot: mybt)
2019-04-15 12:03:54 [scrapy.utils.log] INFO: Versions: lxml 4.3.3.0, libxml2 2.9.5, cssselect 1.0.3, parsel 1.5.1, w3lib 1.20.0, Twisted 18.9.0, Python 3.7.3 (default, Mar 27 2019, 17:13:21) [MSC v.1915 64 bit (AMD64)], pyOpenSSL 19.0.0 (OpenSSL 1.1.1b  26 Feb 2019), cryptography 2.6.1, Platform Windows-10-10.0.17134-SP0
2019-04-15 12:03:54 [scrapy.crawler] INFO: Overridden settings: {'BOT_NAME': 'mybt', 'LOG_FILE': 'logs\\default\\1337x\\786176405f3311e9a2c4a0c58947fc06.log', 'NEWSPIDER_MODULE': 'mybt.spiders', 'SPIDER_MODULES': ['mybt.spiders']}
2019-04-15 12:03:54 [scrapy.extensions.telnet] INFO: Telnet Password: b8e48c4dd9d232d3
2019-04-15 12:03:54 [scrapy.middleware] INFO: Enabled extensions:
['scrapy.extensions.corestats.CoreStats',
 'scrapy.extensions.telnet.TelnetConsole',
 'scrapy.extensions.logstats.LogStats']
2019-04-15 12:03:54 [scrapy.middleware] INFO: Enabled downloader middlewares:
['scrapy.downloadermiddlewares.httpauth.HttpAuthMiddleware',
 'scrapy.downloadermiddlewares.downloadtimeout.DownloadTimeoutMiddleware',
 'scrapy.downloadermiddlewares.defaultheaders.DefaultHeadersMiddleware',
 'scrapy.downloadermiddlewares.useragent.UserAgentMiddleware',
 'scrapy.downloadermiddlewares.retry.RetryMiddleware',
 'scrapy.downloadermiddlewares.redirect.MetaRefreshMiddleware',
 'scrapy.downloadermiddlewares.httpcompression.HttpCompressionMiddleware',
 'scrapy.downloadermiddlewares.redirect.RedirectMiddleware',
 'scrapy.downloadermiddlewares.cookies.CookiesMiddleware',
 'scrapy.downloadermiddlewares.httpproxy.HttpProxyMiddleware',
 'scrapy.downloadermiddlewares.stats.DownloaderStats']
2019-04-15 12:03:54 [scrapy.middleware] INFO: Enabled spider middlewares:
['scrapy.spidermiddlewares.httperror.HttpErrorMiddleware',
 'scrapy.spidermiddlewares.offsite.OffsiteMiddleware',
 'scrapy.spidermiddlewares.referer.RefererMiddleware',
 'scrapy.spidermiddlewares.urllength.UrlLengthMiddleware',
 'scrapy.spidermiddlewares.depth.DepthMiddleware']
2019-04-15 12:03:54 [scrapy.middleware] INFO: Enabled item pipelines:
['mybt.pipelines.MybtPipeline']
2019-04-15 12:03:54 [scrapy.core.engine] INFO: Spider opened
2019-04-15 12:03:54 [scrapy.extensions.logstats] INFO: Crawled 0 pages (at 0 pages/min), scraped 0 items (at 0 items/min)
2019-04-15 12:03:54 [scrapy.extensions.telnet] INFO: Telnet console listening on 127.0.0.1:6023
2019-04-15 12:03:55 [scrapy.core.engine] DEBUG: Crawled (200) <GET https://1337x.to/category-search/center%20of%20the%20world/Movies/1/> (referer: None)
2019-04-15 12:03:55 [scrapy.core.engine] DEBUG: Crawled (200) <GET https://1337x.to/category-search/center%20of%20the%20world/Movies/3/> (referer: None)
2019-04-15 12:03:55 [scrapy.core.engine] DEBUG: Crawled (200) <GET https://1337x.to/category-search/center%20of%20the%20world/Movies/2/> (referer: None)
2019-04-15 12:03:56 [scrapy.core.engine] DEBUG: Crawled (200) <GET https://1337x.to/torrent/892353/The-Center-of-the-World-2001-ITA-ENG-Multisub/> (referer: https://1337x.to/category-search/center%20of%20the%20world/Movies/1/)
2019-04-15 12:03:56 [scrapy.core.engine] DEBUG: Crawled (200) <GET https://1337x.to/torrent/2522437/18-The-Center-of-the-World-2001-480p-x264-DVDRip-ESub-Moviezworldz/> (referer: https://1337x.to/category-search/center%20of%20the%20world/Movies/1/)
2019-04-15 12:03:56 [scrapy.core.engine] DEBUG: Crawled (200) <GET https://1337x.to/torrent/2708658/18-The-Center-of-the-World-2001-DVDRip-SD-English-x264-250MB/> (referer: https://1337x.to/category-search/center%20of%20the%20world/Movies/1/)
2019-04-15 12:03:56 [scrapy.core.scraper] DEBUG: Scraped from <200 https://1337x.to/torrent/892353/The-Center-of-the-World-2001-ITA-ENG-Multisub/>
None
2019-04-15 12:03:56 [scrapy.core.scraper] DEBUG: Scraped from <200 https://1337x.to/torrent/2522437/18-The-Center-of-the-World-2001-480p-x264-DVDRip-ESub-Moviezworldz/>
None
2019-04-15 12:03:56 [scrapy.core.scraper] DEBUG: Scraped from <200 https://1337x.to/torrent/2708658/18-The-Center-of-the-World-2001-DVDRip-SD-English-x264-250MB/>
None
2019-04-15 12:03:56 [scrapy.core.engine] INFO: Closing spider (finished)
2019-04-15 12:03:56 [scrapy.statscollectors] INFO: Dumping Scrapy stats:
{'downloader/request_bytes': 2039,
 'downloader/request_count': 6,
 'downloader/request_method_count/GET': 6,
 'downloader/response_bytes': 28925,
 'downloader/response_count': 6,
 'downloader/response_status_count/200': 6,
 'finish_reason': 'finished',
 'finish_time': datetime.datetime(2019, 4, 15, 4, 3, 56, 424727),
 'item_scraped_count': 3,
 'log_count/DEBUG': 9,
 'log_count/INFO': 9,
 'request_depth_max': 1,
 'response_received_count': 6,
 'scheduler/dequeued': 6,
 'scheduler/dequeued/memory': 6,
 'scheduler/enqueued': 6,
 'scheduler/enqueued/memory': 6,
 'start_time': datetime.datetime(2019, 4, 15, 4, 3, 54, 662438)}
2019-04-15 12:03:56 [scrapy.core.engine] INFO: Spider closed (finished)
