2019-04-15 16:01:56 [scrapy.utils.log] INFO: Scrapy 1.6.0 started (bot: mybt)
2019-04-15 16:01:56 [scrapy.utils.log] INFO: Versions: lxml 4.3.3.0, libxml2 2.9.5, cssselect 1.0.3, parsel 1.5.1, w3lib 1.20.0, Twisted 18.9.0, Python 3.7.3 (default, Mar 27 2019, 17:13:21) [MSC v.1915 64 bit (AMD64)], pyOpenSSL 19.0.0 (OpenSSL 1.1.1b  26 Feb 2019), cryptography 2.6.1, Platform Windows-10-10.0.17134-SP0
2019-04-15 16:01:56 [scrapy.crawler] INFO: Overridden settings: {'BOT_NAME': 'mybt', 'LOG_FILE': 'logs\\default\\1337x\\bae495745f5411e98546a0c58947fc06.log', 'NEWSPIDER_MODULE': 'mybt.spiders', 'SPIDER_MODULES': ['mybt.spiders']}
2019-04-15 16:01:56 [scrapy.extensions.telnet] INFO: Telnet Password: 7d13bd6f469fbcb9
2019-04-15 16:01:56 [scrapy.middleware] INFO: Enabled extensions:
['scrapy.extensions.corestats.CoreStats',
 'scrapy.extensions.telnet.TelnetConsole',
 'scrapy.extensions.logstats.LogStats']
2019-04-15 16:01:56 [scrapy.middleware] INFO: Enabled downloader middlewares:
['scrapy.downloadermiddlewares.httpauth.HttpAuthMiddleware',
 'scrapy.downloadermiddlewares.downloadtimeout.DownloadTimeoutMiddleware',
 'scrapy.downloadermiddlewares.defaultheaders.DefaultHeadersMiddleware',
 'scrapy.downloadermiddlewares.useragent.UserAgentMiddleware',
 'scrapy.downloadermiddlewares.retry.RetryMiddleware',
 'scrapy.downloadermiddlewares.redirect.MetaRefreshMiddleware',
 'scrapy.downloadermiddlewares.httpcompression.HttpCompressionMiddleware',
 'scrapy.downloadermiddlewares.redirect.RedirectMiddleware',
 'scrapy.downloadermiddlewares.cookies.CookiesMiddleware',
 'scrapy.downloadermiddlewares.httpproxy.HttpProxyMiddleware',
 'scrapy.downloadermiddlewares.stats.DownloaderStats']
2019-04-15 16:01:56 [scrapy.middleware] INFO: Enabled spider middlewares:
['scrapy.spidermiddlewares.httperror.HttpErrorMiddleware',
 'scrapy.spidermiddlewares.offsite.OffsiteMiddleware',
 'scrapy.spidermiddlewares.referer.RefererMiddleware',
 'scrapy.spidermiddlewares.urllength.UrlLengthMiddleware',
 'scrapy.spidermiddlewares.depth.DepthMiddleware']
2019-04-15 16:01:56 [scrapy.middleware] INFO: Enabled item pipelines:
['mybt.pipelines.MybtPipeline']
2019-04-15 16:01:56 [scrapy.core.engine] INFO: Spider opened
2019-04-15 16:01:56 [scrapy.extensions.logstats] INFO: Crawled 0 pages (at 0 pages/min), scraped 0 items (at 0 items/min)
2019-04-15 16:01:57 [scrapy.extensions.telnet] INFO: Telnet console listening on 127.0.0.1:6023
2019-04-15 16:01:58 [scrapy.core.engine] DEBUG: Crawled (200) <GET https://1337x.to/search/lust%20caution/1/> (referer: None)
2019-04-15 16:01:58 [scrapy.core.engine] DEBUG: Crawled (200) <GET https://1337x.to/search/lust%20caution/3/> (referer: None)
2019-04-15 16:01:58 [scrapy.core.engine] DEBUG: Crawled (200) <GET https://1337x.to/search/lust%20caution/2/> (referer: None)
2019-04-15 16:01:58 [scrapy.core.engine] DEBUG: Crawled (200) <GET https://1337x.to/torrent/2543286/18-Lust-Caution-2007-BluRay-720p-x264/> (referer: https://1337x.to/search/lust%20caution/1/)
2019-04-15 16:01:58 [scrapy.core.scraper] DEBUG: Scraped from <200 https://1337x.to/torrent/2543286/18-Lust-Caution-2007-BluRay-720p-x264/>
None
2019-04-15 16:01:58 [scrapy.core.engine] DEBUG: Crawled (200) <GET https://1337x.to/torrent/3491028/Lust-Caution-2007-1080p-BluRay-x265-HEVC-10bit-AAC-7-1-Chinese-Tigole-QxR/> (referer: https://1337x.to/search/lust%20caution/1/)
2019-04-15 16:01:58 [scrapy.core.scraper] DEBUG: Scraped from <200 https://1337x.to/torrent/3491028/Lust-Caution-2007-1080p-BluRay-x265-HEVC-10bit-AAC-7-1-Chinese-Tigole-QxR/>
None
2019-04-15 16:01:58 [scrapy.core.engine] INFO: Closing spider (finished)
2019-04-15 16:01:58 [scrapy.statscollectors] INFO: Dumping Scrapy stats:
{'downloader/request_bytes': 1479,
 'downloader/request_count': 5,
 'downloader/request_method_count/GET': 5,
 'downloader/response_bytes': 23852,
 'downloader/response_count': 5,
 'downloader/response_status_count/200': 5,
 'finish_reason': 'finished',
 'finish_time': datetime.datetime(2019, 4, 15, 8, 1, 58, 943168),
 'item_scraped_count': 2,
 'log_count/DEBUG': 7,
 'log_count/INFO': 9,
 'request_depth_max': 1,
 'response_received_count': 5,
 'scheduler/dequeued': 5,
 'scheduler/dequeued/memory': 5,
 'scheduler/enqueued': 5,
 'scheduler/enqueued/memory': 5,
 'start_time': datetime.datetime(2019, 4, 15, 8, 1, 56, 976381)}
2019-04-15 16:01:58 [scrapy.core.engine] INFO: Spider closed (finished)
