2019-04-15 12:10:18 [scrapy.utils.log] INFO: Scrapy 1.6.0 started (bot: mybt)
2019-04-15 12:10:18 [scrapy.utils.log] INFO: Versions: lxml 4.3.3.0, libxml2 2.9.5, cssselect 1.0.3, parsel 1.5.1, w3lib 1.20.0, Twisted 18.9.0, Python 3.7.3 (default, Mar 27 2019, 17:13:21) [MSC v.1915 64 bit (AMD64)], pyOpenSSL 19.0.0 (OpenSSL 1.1.1b  26 Feb 2019), cryptography 2.6.1, Platform Windows-10-10.0.17134-SP0
2019-04-15 12:10:18 [scrapy.crawler] INFO: Overridden settings: {'BOT_NAME': 'mybt', 'LOG_FILE': 'logs\\default\\torlock\\4fbe4e925f3411e99596a0c58947fc06.log', 'NEWSPIDER_MODULE': 'mybt.spiders', 'SPIDER_MODULES': ['mybt.spiders']}
2019-04-15 12:10:18 [scrapy.extensions.telnet] INFO: Telnet Password: 7951db0c5d467e67
2019-04-15 12:10:18 [scrapy.middleware] INFO: Enabled extensions:
['scrapy.extensions.corestats.CoreStats',
 'scrapy.extensions.telnet.TelnetConsole',
 'scrapy.extensions.logstats.LogStats']
2019-04-15 12:10:18 [scrapy.middleware] INFO: Enabled downloader middlewares:
['scrapy.downloadermiddlewares.httpauth.HttpAuthMiddleware',
 'scrapy.downloadermiddlewares.downloadtimeout.DownloadTimeoutMiddleware',
 'scrapy.downloadermiddlewares.defaultheaders.DefaultHeadersMiddleware',
 'scrapy.downloadermiddlewares.useragent.UserAgentMiddleware',
 'scrapy.downloadermiddlewares.retry.RetryMiddleware',
 'scrapy.downloadermiddlewares.redirect.MetaRefreshMiddleware',
 'scrapy.downloadermiddlewares.httpcompression.HttpCompressionMiddleware',
 'scrapy.downloadermiddlewares.redirect.RedirectMiddleware',
 'scrapy.downloadermiddlewares.cookies.CookiesMiddleware',
 'scrapy.downloadermiddlewares.httpproxy.HttpProxyMiddleware',
 'scrapy.downloadermiddlewares.stats.DownloaderStats']
2019-04-15 12:10:18 [scrapy.middleware] INFO: Enabled spider middlewares:
['scrapy.spidermiddlewares.httperror.HttpErrorMiddleware',
 'scrapy.spidermiddlewares.offsite.OffsiteMiddleware',
 'scrapy.spidermiddlewares.referer.RefererMiddleware',
 'scrapy.spidermiddlewares.urllength.UrlLengthMiddleware',
 'scrapy.spidermiddlewares.depth.DepthMiddleware']
2019-04-15 12:10:18 [scrapy.middleware] INFO: Enabled item pipelines:
['mybt.pipelines.MybtPipeline']
2019-04-15 12:10:18 [scrapy.core.engine] INFO: Spider opened
2019-04-15 12:10:18 [scrapy.extensions.logstats] INFO: Crawled 0 pages (at 0 pages/min), scraped 0 items (at 0 items/min)
2019-04-15 12:10:18 [scrapy.extensions.telnet] INFO: Telnet console listening on 127.0.0.1:6023
2019-04-15 12:10:20 [scrapy.core.engine] DEBUG: Crawled (200) <GET https://www.torlock.com/all/torrents/change.html?sort=seeds> (referer: None)
2019-04-15 12:10:21 [scrapy.core.engine] DEBUG: Crawled (200) <GET https://www.torlock.com/torrent/8480452/love%27s-forever-changes-by-andrew-hultkrans-epub.html> (referer: https://www.torlock.com/all/torrents/change.html?sort=seeds)
2019-04-15 12:10:22 [scrapy.core.scraper] DEBUG: Scraped from <200 https://www.torlock.com/torrent/8480452/love%27s-forever-changes-by-andrew-hultkrans-epub.html>
None
2019-04-15 12:10:22 [scrapy.core.engine] DEBUG: Crawled (200) <GET https://www.torlock.com/torrent/8457212/accidental-presidents_-8-men-who-changed-america-by-jared-cohen-epub.html> (referer: https://www.torlock.com/all/torrents/change.html?sort=seeds)
2019-04-15 12:10:22 [scrapy.core.engine] DEBUG: Crawled (200) <GET https://www.torlock.com/torrent/8422896/asa-chang-%26-junray.html> (referer: https://www.torlock.com/all/torrents/change.html?sort=seeds)
2019-04-15 12:10:22 [scrapy.core.engine] DEBUG: Crawled (200) <GET https://www.torlock.com/torrent/8431087/%E5%90%83%E9%B8%A1%E6%88%98%E5%9C%BA-chi-ji-zhan-chang-2019-1080p-webdl-h264-aac.html> (referer: https://www.torlock.com/all/torrents/change.html?sort=seeds)
2019-04-15 12:10:22 [scrapy.core.engine] DEBUG: Crawled (200) <GET https://www.torlock.com/torrent/8460029/machineheart-people-change-%282019%29.html> (referer: https://www.torlock.com/all/torrents/change.html?sort=seeds)
2019-04-15 12:10:22 [scrapy.core.engine] DEBUG: Crawled (200) <GET https://www.torlock.com/torrent/8430806/abbys-s01e02-rule-change-720p-amzn-web-dl-ddp5-1-h-264-ntb%5Btgx%5D.html> (referer: https://www.torlock.com/all/torrents/change.html?sort=seeds)
2019-04-15 12:10:22 [scrapy.core.scraper] DEBUG: Scraped from <200 https://www.torlock.com/torrent/8457212/accidental-presidents_-8-men-who-changed-america-by-jared-cohen-epub.html>
None
2019-04-15 12:10:22 [scrapy.core.engine] DEBUG: Crawled (200) <GET https://www.torlock.com/torrent/8442429/tonight-s21e15-changing-britain-20-years-of-tonight.html> (referer: https://www.torlock.com/all/torrents/change.html?sort=seeds)
2019-04-15 12:10:22 [scrapy.core.scraper] DEBUG: Scraped from <200 https://www.torlock.com/torrent/8422896/asa-chang-%26-junray.html>
None
2019-04-15 12:10:22 [scrapy.core.engine] DEBUG: Crawled (200) <GET https://www.torlock.com/torrent/8453960/exxxtra-small-aubree-ice-change-clothes-and-hoe.html> (referer: https://www.torlock.com/all/torrents/change.html?sort=seeds)
2019-04-15 12:10:22 [scrapy.core.scraper] DEBUG: Scraped from <200 https://www.torlock.com/torrent/8431087/%E5%90%83%E9%B8%A1%E6%88%98%E5%9C%BA-chi-ji-zhan-chang-2019-1080p-webdl-h264-aac.html>
None
2019-04-15 12:10:22 [scrapy.core.scraper] DEBUG: Scraped from <200 https://www.torlock.com/torrent/8460029/machineheart-people-change-%282019%29.html>
None
2019-04-15 12:10:22 [scrapy.core.scraper] DEBUG: Scraped from <200 https://www.torlock.com/torrent/8430806/abbys-s01e02-rule-change-720p-amzn-web-dl-ddp5-1-h-264-ntb%5Btgx%5D.html>
None
2019-04-15 12:10:22 [scrapy.core.scraper] DEBUG: Scraped from <200 https://www.torlock.com/torrent/8442429/tonight-s21e15-changing-britain-20-years-of-tonight.html>
None
2019-04-15 12:10:22 [scrapy.core.scraper] DEBUG: Scraped from <200 https://www.torlock.com/torrent/8453960/exxxtra-small-aubree-ice-change-clothes-and-hoe.html>
None
2019-04-15 12:10:23 [scrapy.core.engine] DEBUG: Crawled (200) <GET https://www.torlock.com/torrent/8446466/change-a-homeless-survival-experience-update-13-04-2019.html> (referer: https://www.torlock.com/all/torrents/change.html?sort=seeds)
2019-04-15 12:10:23 [scrapy.core.scraper] DEBUG: Scraped from <200 https://www.torlock.com/torrent/8446466/change-a-homeless-survival-experience-update-13-04-2019.html>
None
2019-04-15 12:10:23 [scrapy.core.engine] DEBUG: Crawled (200) <GET https://www.torlock.com/torrent/8458705/how-to-green-the-world%27s-deserts-and-reverse-climate-change-allan-savory.html> (referer: https://www.torlock.com/all/torrents/change.html?sort=seeds)
2019-04-15 12:10:23 [scrapy.core.engine] DEBUG: Crawled (200) <GET https://www.torlock.com/torrent/8446074/vybarr-cregan-reid-2018-primate-change-%28science%29.html> (referer: https://www.torlock.com/all/torrents/change.html?sort=seeds)
2019-04-15 12:10:23 [scrapy.core.engine] DEBUG: Crawled (200) <GET https://www.torlock.com/torrent/8431841/abbys-s01e02-rule-change-720p-amzn-web-dl-ddp5-1-h-264.html> (referer: https://www.torlock.com/all/torrents/change.html?sort=seeds)
2019-04-15 12:10:23 [scrapy.core.scraper] DEBUG: Scraped from <200 https://www.torlock.com/torrent/8458705/how-to-green-the-world%27s-deserts-and-reverse-climate-change-allan-savory.html>
None
2019-04-15 12:10:23 [scrapy.core.engine] DEBUG: Crawled (200) <GET https://www.torlock.com/torrent/8471910/change-of-plans-720p-h264-aac.html> (referer: https://www.torlock.com/all/torrents/change.html?sort=seeds)
2019-04-15 12:10:23 [scrapy.core.scraper] DEBUG: Scraped from <200 https://www.torlock.com/torrent/8446074/vybarr-cregan-reid-2018-primate-change-%28science%29.html>
None
2019-04-15 12:10:23 [scrapy.core.engine] DEBUG: Crawled (200) <GET https://www.torlock.com/torrent/8444963/david-icke-dot-connector-israel-elections%2C-iran%2C-vaccines-climate-change%2C-wikipedia%2C-robert-green-%26-.html> (referer: https://www.torlock.com/all/torrents/change.html?sort=seeds)
2019-04-15 12:10:23 [scrapy.core.scraper] DEBUG: Scraped from <200 https://www.torlock.com/torrent/8431841/abbys-s01e02-rule-change-720p-amzn-web-dl-ddp5-1-h-264.html>
None
2019-04-15 12:10:23 [scrapy.core.scraper] DEBUG: Scraped from <200 https://www.torlock.com/torrent/8471910/change-of-plans-720p-h264-aac.html>
None
2019-04-15 12:10:23 [scrapy.core.scraper] DEBUG: Scraped from <200 https://www.torlock.com/torrent/8444963/david-icke-dot-connector-israel-elections%2C-iran%2C-vaccines-climate-change%2C-wikipedia%2C-robert-green-%26-.html>
None
2019-04-15 12:10:23 [scrapy.core.engine] INFO: Closing spider (finished)
2019-04-15 12:10:23 [scrapy.statscollectors] INFO: Dumping Scrapy stats:
{'downloader/request_bytes': 6180,
 'downloader/request_count': 15,
 'downloader/request_method_count/GET': 15,
 'downloader/response_bytes': 128255,
 'downloader/response_count': 15,
 'downloader/response_status_count/200': 15,
 'finish_reason': 'finished',
 'finish_time': datetime.datetime(2019, 4, 15, 4, 10, 23, 588988),
 'item_scraped_count': 14,
 'log_count/DEBUG': 29,
 'log_count/INFO': 9,
 'request_depth_max': 1,
 'response_received_count': 15,
 'scheduler/dequeued': 15,
 'scheduler/dequeued/memory': 15,
 'scheduler/enqueued': 15,
 'scheduler/enqueued/memory': 15,
 'start_time': datetime.datetime(2019, 4, 15, 4, 10, 18, 874022)}
2019-04-15 12:10:23 [scrapy.core.engine] INFO: Spider closed (finished)
