2019-04-13 23:48:59 [scrapy.utils.log] INFO: Scrapy 1.6.0 started (bot: mybt)
2019-04-13 23:48:59 [scrapy.utils.log] INFO: Versions: lxml 4.3.3.0, libxml2 2.9.5, cssselect 1.0.3, parsel 1.5.1, w3lib 1.20.0, Twisted 18.9.0, Python 3.7.3 (default, Mar 27 2019, 17:13:21) [MSC v.1915 64 bit (AMD64)], pyOpenSSL 19.0.0 (OpenSSL 1.1.1b  26 Feb 2019), cryptography 2.6.1, Platform Windows-10-10.0.17134-SP0
2019-04-13 23:48:59 [scrapy.crawler] INFO: Overridden settings: {'BOT_NAME': 'mybt', 'LOG_FILE': 'logs\\default\\torlock\\96aec9305e0311e9b957a0c58947fc06.log', 'NEWSPIDER_MODULE': 'mybt.spiders', 'SPIDER_MODULES': ['mybt.spiders']}
2019-04-13 23:48:59 [scrapy.extensions.telnet] INFO: Telnet Password: 8d5c7e247dd93375
2019-04-13 23:48:59 [scrapy.middleware] INFO: Enabled extensions:
['scrapy.extensions.corestats.CoreStats',
 'scrapy.extensions.telnet.TelnetConsole',
 'scrapy.extensions.logstats.LogStats']
2019-04-13 23:48:59 [scrapy.middleware] INFO: Enabled downloader middlewares:
['scrapy.downloadermiddlewares.httpauth.HttpAuthMiddleware',
 'scrapy.downloadermiddlewares.downloadtimeout.DownloadTimeoutMiddleware',
 'scrapy.downloadermiddlewares.defaultheaders.DefaultHeadersMiddleware',
 'scrapy.downloadermiddlewares.useragent.UserAgentMiddleware',
 'scrapy.downloadermiddlewares.retry.RetryMiddleware',
 'scrapy.downloadermiddlewares.redirect.MetaRefreshMiddleware',
 'scrapy.downloadermiddlewares.httpcompression.HttpCompressionMiddleware',
 'scrapy.downloadermiddlewares.redirect.RedirectMiddleware',
 'scrapy.downloadermiddlewares.cookies.CookiesMiddleware',
 'scrapy.downloadermiddlewares.httpproxy.HttpProxyMiddleware',
 'scrapy.downloadermiddlewares.stats.DownloaderStats']
2019-04-13 23:48:59 [scrapy.middleware] INFO: Enabled spider middlewares:
['scrapy.spidermiddlewares.httperror.HttpErrorMiddleware',
 'scrapy.spidermiddlewares.offsite.OffsiteMiddleware',
 'scrapy.spidermiddlewares.referer.RefererMiddleware',
 'scrapy.spidermiddlewares.urllength.UrlLengthMiddleware',
 'scrapy.spidermiddlewares.depth.DepthMiddleware']
2019-04-13 23:48:59 [scrapy.middleware] INFO: Enabled item pipelines:
['mybt.pipelines.MybtPipeline']
2019-04-13 23:48:59 [scrapy.core.engine] INFO: Spider opened
2019-04-13 23:48:59 [scrapy.extensions.logstats] INFO: Crawled 0 pages (at 0 pages/min), scraped 0 items (at 0 items/min)
2019-04-13 23:48:59 [scrapy.extensions.telnet] INFO: Telnet console listening on 127.0.0.1:6023
2019-04-13 23:49:01 [scrapy.core.engine] DEBUG: Crawled (200) <GET https://www.torlock.com/all/torrents/breaking-bad.html?sort=seeds> (referer: None)
2019-04-13 23:49:01 [scrapy.core.engine] DEBUG: Crawled (200) <GET https://www.torlock.com/torrent/8118025/mythbusters-jr-s01e10-breaking-bad-blow-up-webrip-caffeine%5Beztv%5D.html> (referer: https://www.torlock.com/all/torrents/breaking-bad.html?sort=seeds)
2019-04-13 23:49:01 [scrapy.core.scraper] DEBUG: Scraped from <200 https://www.torlock.com/torrent/8118025/mythbusters-jr-s01e10-breaking-bad-blow-up-webrip-caffeine%5Beztv%5D.html>
None
2019-04-13 23:49:01 [scrapy.core.engine] DEBUG: Crawled (200) <GET https://www.torlock.com/torrent/8366348/breaking-bad-s01-s05-1080p-10bit-hevc-6ch-mkvcage-ws.html> (referer: https://www.torlock.com/all/torrents/breaking-bad.html?sort=seeds)
2019-04-13 23:49:01 [scrapy.core.engine] DEBUG: Crawled (200) <GET https://www.torlock.com/torrent/8118260/mythbusters-jr-s01e10-breaking-bad-blow-up-480p.html> (referer: https://www.torlock.com/all/torrents/breaking-bad.html?sort=seeds)
2019-04-13 23:49:01 [scrapy.core.engine] DEBUG: Crawled (200) <GET https://www.torlock.com/torrent/8441800/anny-aurora-breaking-bad-021219.html> (referer: https://www.torlock.com/all/torrents/breaking-bad.html?sort=seeds)
2019-04-13 23:49:01 [scrapy.core.engine] DEBUG: Crawled (200) <GET https://www.torlock.com/torrent/6640978/the-grand-tour-s02e09-breaking-badly-%281080p-x265-10bit-fs68-joy%29.html> (referer: https://www.torlock.com/all/torrents/breaking-bad.html?sort=seeds)
2019-04-13 23:49:01 [scrapy.core.engine] DEBUG: Crawled (200) <GET https://www.torlock.com/torrent/1742018/breaking-bad-s05e03-hazard-pay-%5Bettv%5D.html> (referer: https://www.torlock.com/all/torrents/breaking-bad.html?sort=seeds)
2019-04-13 23:49:01 [scrapy.core.scraper] DEBUG: Scraped from <200 https://www.torlock.com/torrent/8366348/breaking-bad-s01-s05-1080p-10bit-hevc-6ch-mkvcage-ws.html>
None
2019-04-13 23:49:01 [scrapy.core.engine] DEBUG: Crawled (200) <GET https://www.torlock.com/torrent/8185442/marriage-boot-camp-reality-stars-s12e07-hip-hop-edition-breaking-bad-480p.html> (referer: https://www.torlock.com/all/torrents/breaking-bad.html?sort=seeds)
2019-04-13 23:49:01 [scrapy.core.scraper] DEBUG: Scraped from <200 https://www.torlock.com/torrent/8118260/mythbusters-jr-s01e10-breaking-bad-blow-up-480p.html>
None
2019-04-13 23:49:01 [scrapy.core.scraper] DEBUG: Scraped from <200 https://www.torlock.com/torrent/8441800/anny-aurora-breaking-bad-021219.html>
None
2019-04-13 23:49:01 [scrapy.core.scraper] DEBUG: Scraped from <200 https://www.torlock.com/torrent/6640978/the-grand-tour-s02e09-breaking-badly-%281080p-x265-10bit-fs68-joy%29.html>
None
2019-04-13 23:49:01 [scrapy.core.scraper] DEBUG: Scraped from <200 https://www.torlock.com/torrent/1742018/breaking-bad-s05e03-hazard-pay-%5Bettv%5D.html>
None
2019-04-13 23:49:01 [scrapy.core.scraper] DEBUG: Scraped from <200 https://www.torlock.com/torrent/8185442/marriage-boot-camp-reality-stars-s12e07-hip-hop-edition-breaking-bad-480p.html>
None
2019-04-13 23:49:01 [scrapy.core.engine] DEBUG: Crawled (200) <GET https://www.torlock.com/torrent/8118114/mythbusters-jr-s01e10-breaking-bad-blow-up-720p-webrip-caffeine%5Beztv%5D.html> (referer: https://www.torlock.com/all/torrents/breaking-bad.html?sort=seeds)
2019-04-13 23:49:02 [scrapy.core.scraper] DEBUG: Scraped from <200 https://www.torlock.com/torrent/8118114/mythbusters-jr-s01e10-breaking-bad-blow-up-720p-webrip-caffeine%5Beztv%5D.html>
None
2019-04-13 23:49:02 [scrapy.core.engine] INFO: Closing spider (finished)
2019-04-13 23:49:02 [scrapy.statscollectors] INFO: Dumping Scrapy stats:
{'downloader/request_bytes': 3692,
 'downloader/request_count': 9,
 'downloader/request_method_count/GET': 9,
 'downloader/response_bytes': 120810,
 'downloader/response_count': 9,
 'downloader/response_status_count/200': 9,
 'finish_reason': 'finished',
 'finish_time': datetime.datetime(2019, 4, 13, 15, 49, 2, 102158),
 'item_scraped_count': 8,
 'log_count/DEBUG': 17,
 'log_count/INFO': 9,
 'request_depth_max': 1,
 'response_received_count': 9,
 'scheduler/dequeued': 9,
 'scheduler/dequeued/memory': 9,
 'scheduler/enqueued': 9,
 'scheduler/enqueued/memory': 9,
 'start_time': datetime.datetime(2019, 4, 13, 15, 48, 59, 572114)}
2019-04-13 23:49:02 [scrapy.core.engine] INFO: Spider closed (finished)
