2019-04-14 23:49:28 [scrapy.utils.log] INFO: Scrapy 1.6.0 started (bot: mybt)
2019-04-14 23:49:28 [scrapy.utils.log] INFO: Versions: lxml 4.3.3.0, libxml2 2.9.5, cssselect 1.0.3, parsel 1.5.1, w3lib 1.20.0, Twisted 18.9.0, Python 3.7.3 (default, Mar 27 2019, 17:13:21) [MSC v.1915 64 bit (AMD64)], pyOpenSSL 19.0.0 (OpenSSL 1.1.1b  26 Feb 2019), cryptography 2.6.1, Platform Windows-10-10.0.17134-SP0
2019-04-14 23:49:28 [scrapy.crawler] INFO: Overridden settings: {'BOT_NAME': 'mybt', 'LOG_FILE': 'logs\\default\\torlock\\d28c45d05ecc11e9b48aa0c58947fc06.log', 'NEWSPIDER_MODULE': 'mybt.spiders', 'SPIDER_MODULES': ['mybt.spiders']}
2019-04-14 23:49:28 [scrapy.extensions.telnet] INFO: Telnet Password: b713effc50ca4e56
2019-04-14 23:49:28 [scrapy.middleware] INFO: Enabled extensions:
['scrapy.extensions.corestats.CoreStats',
 'scrapy.extensions.telnet.TelnetConsole',
 'scrapy.extensions.logstats.LogStats']
2019-04-14 23:49:28 [scrapy.middleware] INFO: Enabled downloader middlewares:
['scrapy.downloadermiddlewares.httpauth.HttpAuthMiddleware',
 'scrapy.downloadermiddlewares.downloadtimeout.DownloadTimeoutMiddleware',
 'scrapy.downloadermiddlewares.defaultheaders.DefaultHeadersMiddleware',
 'scrapy.downloadermiddlewares.useragent.UserAgentMiddleware',
 'scrapy.downloadermiddlewares.retry.RetryMiddleware',
 'scrapy.downloadermiddlewares.redirect.MetaRefreshMiddleware',
 'scrapy.downloadermiddlewares.httpcompression.HttpCompressionMiddleware',
 'scrapy.downloadermiddlewares.redirect.RedirectMiddleware',
 'scrapy.downloadermiddlewares.cookies.CookiesMiddleware',
 'scrapy.downloadermiddlewares.httpproxy.HttpProxyMiddleware',
 'scrapy.downloadermiddlewares.stats.DownloaderStats']
2019-04-14 23:49:28 [scrapy.middleware] INFO: Enabled spider middlewares:
['scrapy.spidermiddlewares.httperror.HttpErrorMiddleware',
 'scrapy.spidermiddlewares.offsite.OffsiteMiddleware',
 'scrapy.spidermiddlewares.referer.RefererMiddleware',
 'scrapy.spidermiddlewares.urllength.UrlLengthMiddleware',
 'scrapy.spidermiddlewares.depth.DepthMiddleware']
2019-04-14 23:49:28 [scrapy.middleware] INFO: Enabled item pipelines:
['mybt.pipelines.MybtPipeline']
2019-04-14 23:49:28 [scrapy.core.engine] INFO: Spider opened
2019-04-14 23:49:28 [scrapy.extensions.logstats] INFO: Crawled 0 pages (at 0 pages/min), scraped 0 items (at 0 items/min)
2019-04-14 23:49:28 [scrapy.extensions.telnet] INFO: Telnet console listening on 127.0.0.1:6023
2019-04-14 23:49:30 [scrapy.core.engine] DEBUG: Crawled (200) <GET https://www.torlock.com/all/torrents/titanic.html?sort=seeds> (referer: None)
2019-04-14 23:49:31 [scrapy.core.engine] DEBUG: Crawled (200) <GET https://www.torlock.com/torrent/8440706/clash-of-the-titans-%281981%29-%5B%5D-%5B720p%5D.html> (referer: https://www.torlock.com/all/torrents/titanic.html?sort=seeds)
2019-04-14 23:49:31 [scrapy.core.engine] DEBUG: Crawled (200) <GET https://www.torlock.com/torrent/8451690/%5Br-g-mechanics%5D-titan-quest-anniversary-edition-ragnarok.html> (referer: https://www.torlock.com/all/torrents/titanic.html?sort=seeds)
2019-04-14 23:49:31 [scrapy.core.engine] DEBUG: Crawled (200) <GET https://www.torlock.com/torrent/8440714/clash-of-the-titans-%281981%29-%5B%5D-%5B1080p%5D.html> (referer: https://www.torlock.com/all/torrents/titanic.html?sort=seeds)
2019-04-14 23:49:31 [scrapy.core.engine] DEBUG: Crawled (200) <GET https://www.torlock.com/torrent/8440377/titan-slayer-ii.html> (referer: https://www.torlock.com/all/torrents/titanic.html?sort=seeds)
2019-04-14 23:49:31 [scrapy.core.scraper] DEBUG: Scraped from <200 https://www.torlock.com/torrent/8440706/clash-of-the-titans-%281981%29-%5B%5D-%5B720p%5D.html>
None
2019-04-14 23:49:31 [scrapy.core.scraper] DEBUG: Scraped from <200 https://www.torlock.com/torrent/8451690/%5Br-g-mechanics%5D-titan-quest-anniversary-edition-ragnarok.html>
None
2019-04-14 23:49:31 [scrapy.core.scraper] DEBUG: Scraped from <200 https://www.torlock.com/torrent/8440714/clash-of-the-titans-%281981%29-%5B%5D-%5B1080p%5D.html>
None
2019-04-14 23:49:31 [scrapy.core.scraper] DEBUG: Scraped from <200 https://www.torlock.com/torrent/8440377/titan-slayer-ii.html>
None
2019-04-14 23:49:32 [scrapy.core.engine] DEBUG: Crawled (200) <GET https://www.torlock.com/torrent/8472082/teen-titans-go-s04e12-1080p-plutonium%5Brarbg%5D.html> (referer: https://www.torlock.com/all/torrents/titanic.html?sort=seeds)
2019-04-14 23:49:32 [scrapy.core.engine] DEBUG: Crawled (200) <GET https://www.torlock.com/torrent/8431167/rico-dredd-the-titan-years-boxed-set-michael-carroll-%5Ben-epub%5D-%5Bebook%5D-%5Bps%5D-tar-gz.html> (referer: https://www.torlock.com/all/torrents/titanic.html?sort=seeds)
2019-04-14 23:49:32 [scrapy.core.scraper] DEBUG: Scraped from <200 https://www.torlock.com/torrent/8472082/teen-titans-go-s04e12-1080p-plutonium%5Brarbg%5D.html>
None
2019-04-14 23:49:32 [scrapy.core.scraper] DEBUG: Scraped from <200 https://www.torlock.com/torrent/8431167/rico-dredd-the-titan-years-boxed-set-michael-carroll-%5Ben-epub%5D-%5Bebook%5D-%5Bps%5D-tar-gz.html>
None
2019-04-14 23:49:32 [scrapy.core.engine] DEBUG: Crawled (200) <GET https://www.torlock.com/torrent/8472519/teen-titans-go-s04e13-1080p-plutonium%5Brarbg%5D.html> (referer: https://www.torlock.com/all/torrents/titanic.html?sort=seeds)
2019-04-14 23:49:32 [scrapy.core.engine] DEBUG: Crawled (200) <GET https://www.torlock.com/torrent/8447536/titans-s01-web-dlrip.html> (referer: https://www.torlock.com/all/torrents/titanic.html?sort=seeds)
2019-04-14 23:49:32 [scrapy.core.scraper] DEBUG: Scraped from <200 https://www.torlock.com/torrent/8472519/teen-titans-go-s04e13-1080p-plutonium%5Brarbg%5D.html>
None
2019-04-14 23:49:32 [scrapy.core.scraper] DEBUG: Scraped from <200 https://www.torlock.com/torrent/8447536/titans-s01-web-dlrip.html>
None
2019-04-14 23:49:32 [scrapy.core.engine] DEBUG: Crawled (200) <GET https://www.torlock.com/torrent/8446348/%282019%29-weyes-blood-titanic-rising-%5Bflac%2Ctracks%5D.html> (referer: https://www.torlock.com/all/torrents/titanic.html?sort=seeds)
2019-04-14 23:49:32 [scrapy.core.scraper] ERROR: Spider error processing <GET https://www.torlock.com/torrent/8446348/%282019%29-weyes-blood-titanic-rising-%5Bflac%2Ctracks%5D.html> (referer: https://www.torlock.com/all/torrents/titanic.html?sort=seeds)
Traceback (most recent call last):
  File "c:\users\lzy\anaconda3\envs\homework\lib\site-packages\scrapy\utils\defer.py", line 102, in iter_errback
    yield next(it)
  File "c:\users\lzy\anaconda3\envs\homework\lib\site-packages\scrapy\spidermiddlewares\offsite.py", line 29, in process_spider_output
    for x in result:
  File "c:\users\lzy\anaconda3\envs\homework\lib\site-packages\scrapy\spidermiddlewares\referer.py", line 339, in <genexpr>
    return (_set_referer(r) for r in result or ())
  File "c:\users\lzy\anaconda3\envs\homework\lib\site-packages\scrapy\spidermiddlewares\urllength.py", line 37, in <genexpr>
    return (r for r in result or () if _filter(r))
  File "c:\users\lzy\anaconda3\envs\homework\lib\site-packages\scrapy\spidermiddlewares\depth.py", line 58, in <genexpr>
    return (r for r in result or () if _filter(r))
  File "C:\Users\lzy\Desktop\ResCollector-master\mybt\spiders\torlock.py", line 42, in secondParse
    item['link'] = response.xpath('//div[@style="float:right;padding-right:5px"]//a[1]/@href').extract()[0]
IndexError: list index out of range
2019-04-14 23:49:32 [scrapy.core.engine] INFO: Closing spider (finished)
2019-04-14 23:49:32 [scrapy.statscollectors] INFO: Dumping Scrapy stats:
{'downloader/request_bytes': 4001,
 'downloader/request_count': 10,
 'downloader/request_method_count/GET': 10,
 'downloader/response_bytes': 80623,
 'downloader/response_count': 10,
 'downloader/response_status_count/200': 10,
 'finish_reason': 'finished',
 'finish_time': datetime.datetime(2019, 4, 14, 15, 49, 32, 945917),
 'item_scraped_count': 8,
 'log_count/DEBUG': 18,
 'log_count/ERROR': 1,
 'log_count/INFO': 9,
 'request_depth_max': 1,
 'response_received_count': 10,
 'scheduler/dequeued': 10,
 'scheduler/dequeued/memory': 10,
 'scheduler/enqueued': 10,
 'scheduler/enqueued/memory': 10,
 'spider_exceptions/IndexError': 1,
 'start_time': datetime.datetime(2019, 4, 14, 15, 49, 28, 859444)}
2019-04-14 23:49:32 [scrapy.core.engine] INFO: Spider closed (finished)
